#
# There is insufficient memory for the Java Runtime Environment to continue.
# Native memory allocation (mmap) failed to map 65536 bytes for Failed to commit area from 0x000001fd61060000 to 0x000001fd61070000 of length 65536.
# Possible reasons:
#   The system is out of physical RAM or swap space
#   The process is running with CompressedOops enabled, and the Java Heap may be blocking the growth of the native heap
# Possible solutions:
#   Reduce memory load on the system
#   Increase physical memory or swap space
#   Check if swap backing store is full
#   Decrease Java heap size (-Xmx/-Xms)
#   Decrease number of Java threads
#   Decrease Java thread stack sizes (-Xss)
#   Set larger code cache with -XX:ReservedCodeCacheSize=
# This output file may be truncated or incomplete.
#
#  Out of Memory Error (./open/src/hotspot/os/windows/os_windows.cpp:3276), pid=3248, tid=28820
#
# JRE version:  (11.0.13+10) (build )
# Java VM: Java HotSpot(TM) 64-Bit Server VM (11.0.13+10-LTS-370, mixed mode, sharing, tiered, compressed oops, g1 gc, windows-amd64)
# No core dump will be written. Minidumps are not enabled by default on client versions of Windows
#

---------------  S U M M A R Y ------------

Command Line: -Dfile.encoding=UTF-8 com.cts.emsboot.controller.Cat

Host: 11th Gen Intel(R) Core(TM) i5-11400 @ 2.60GHz, 12 cores, 15G,  Windows 10 , 64 bit Build 22000 (10.0.22000.708)
Time: Sun Jun 19 16:26:38 2022 India Standard Time elapsed time: 0.253882 seconds (0d 0h 0m 0s)

---------------  T H R E A D  ---------------

Current thread (0x000001fd489f3800):  JavaThread "Unknown thread" [_thread_in_vm, id=28820, stack(0x00000017eb600000,0x00000017eb700000)]

Stack: [0x00000017eb600000,0x00000017eb700000]
Native frames: (J=compiled Java code, j=interpreted, Vv=VM code, C=native code)
V  [jvm.dll+0x62870a]
V  [jvm.dll+0x761f2f]
V  [jvm.dll+0x7635d9]
V  [jvm.dll+0x763c63]
V  [jvm.dll+0x23d728]
V  [jvm.dll+0x625aba]
V  [jvm.dll+0x61a855]
V  [jvm.dll+0x2f242c]
V  [jvm.dll+0x2f22b2]
V  [jvm.dll+0x2f70f0]
V  [jvm.dll+0x339612]
V  [jvm.dll+0x339030]
V  [jvm.dll+0x2cfa38]
V  [jvm.dll+0x2d0ba6]
V  [jvm.dll+0x73c547]
V  [jvm.dll+0x73dddf]
V  [jvm.dll+0x346369]
V  [jvm.dll+0x721e60]
V  [jvm.dll+0x3b500f]
V  [jvm.dll+0x3b7121]
C  [jli.dll+0x5207]
C  [ucrtbase.dll+0x26c0c]
C  [KERNEL32.DLL+0x154e0]
C  [ntdll.dll+0x485b]


---------------  P R O C E S S  ---------------

Threads class SMR info:
_java_thread_list=0x000001fd4684e080, length=0, elements={
}

Java Threads: ( => current thread )

Other Threads:
  0x000001fd48a07800 GCTaskThread "GC Thread#0" [stack: 0x00000017eb700000,0x00000017eb800000] [id=7912]
  0x000001fd48a64000 ConcurrentGCThread "G1 Main Marker" [stack: 0x00000017eb800000,0x00000017eb900000] [id=28524]
  0x000001fd48a65800 ConcurrentGCThread "G1 Conc#0" [stack: 0x00000017eb900000,0x00000017eba00000] [id=14416]

[error occurred during error reporting (printing all threads), id 0xc0000005, EXCEPTION_ACCESS_VIOLATION (0xc0000005) at pc=0x00007ffaa3faecc7]

VM state:not at safepoint (not fully initialized)

VM Mutex/Monitor currently owned by a thread:  ([mutex/lock_event])
[0x000001fd489f1070] Heap_lock - owner thread: 0x000001fd489f3800

Heap address: 0x0000000703a00000, size: 4038 MB, Compressed Oops mode: Non-zero based: 0x0000000703a00000
Narrow klass base: 0x0000000000000000, Narrow klass shift: 0

GC Heap History (0 events):
No events

Deoptimization events (0 events):
No events

Classes redefined (0 events):
No events

Internal exceptions (0 events):
No events

Events (0 events):
No events


Dynamic libraries:
0x00007ff791cc0000 - 0x00007ff791ccf000 	C:\Program Files\Java\jdk-11.0.13\bin\javaw.exe
0x00007ffae9260000 - 0x00007ffae9469000 	C:\WINDOWS\SYSTEM32\ntdll.dll
0x00007ffae8520000 - 0x00007ffae85dd000 	C:\WINDOWS\System32\KERNEL32.DLL
0x00007ffae6af0000 - 0x00007ffae6e69000 	C:\WINDOWS\System32\KERNELBASE.dll
0x00007ffae6f10000 - 0x00007ffae7021000 	C:\WINDOWS\System32\ucrtbase.dll
0x00007ffae3cb0000 - 0x00007ffae3cc5000 	C:\Program Files\Java\jdk-11.0.13\bin\VCRUNTIME140.dll
0x00007ffae3cd0000 - 0x00007ffae3ce8000 	C:\Program Files\Java\jdk-11.0.13\bin\jli.dll
0x00007ffae87a0000 - 0x00007ffae884e000 	C:\WINDOWS\System32\ADVAPI32.dll
0x00007ffae77d0000 - 0x00007ffae7873000 	C:\WINDOWS\System32\msvcrt.dll
0x00007ffae7ad0000 - 0x00007ffae7b6e000 	C:\WINDOWS\System32\sechost.dll
0x00007ffae8920000 - 0x00007ffae8a40000 	C:\WINDOWS\System32\RPCRT4.dll
0x00007ffae7880000 - 0x00007ffae7a2c000 	C:\WINDOWS\System32\USER32.dll
0x00007ffae6ac0000 - 0x00007ffae6ae6000 	C:\WINDOWS\System32\win32u.dll
0x00007ffae8ea0000 - 0x00007ffae8ec9000 	C:\WINDOWS\System32\GDI32.dll
0x00007ffae67b0000 - 0x00007ffae68c2000 	C:\WINDOWS\System32\gdi32full.dll
0x00007ffae6e70000 - 0x00007ffae6f0d000 	C:\WINDOWS\System32\msvcp_win.dll
0x00007ffacc270000 - 0x00007ffacc515000 	C:\WINDOWS\WinSxS\amd64_microsoft.windows.common-controls_6595b64144ccf1df_6.0.22000.120_none_9d947278b86cc467\COMCTL32.dll
0x00007ffad8f00000 - 0x00007ffad8f0a000 	C:\WINDOWS\SYSTEM32\VERSION.dll
0x00007ffae84c0000 - 0x00007ffae84f1000 	C:\WINDOWS\System32\IMM32.DLL
0x00007ffadd350000 - 0x00007ffadd3eb000 	C:\Program Files\Java\jdk-11.0.13\bin\msvcp140.dll
0x00007ffaa3cd0000 - 0x00007ffaa47e3000 	C:\Program Files\Java\jdk-11.0.13\bin\server\jvm.dll
0x00007ffae9210000 - 0x00007ffae9218000 	C:\WINDOWS\System32\PSAPI.DLL
0x00007ffad1f40000 - 0x00007ffad1f73000 	C:\WINDOWS\SYSTEM32\WINMM.dll
0x00007ffad0900000 - 0x00007ffad0909000 	C:\WINDOWS\SYSTEM32\WSOCK32.dll
0x00007ffae7290000 - 0x00007ffae72ff000 	C:\WINDOWS\System32\WS2_32.dll
0x00007ffae5800000 - 0x00007ffae5818000 	C:\WINDOWS\SYSTEM32\kernel.appcore.dll
0x00007ffae24d0000 - 0x00007ffae24e0000 	C:\Program Files\Java\jdk-11.0.13\bin\verify.dll
0x00007ffad0ff0000 - 0x00007ffad1211000 	C:\WINDOWS\SYSTEM32\DBGHELP.DLL
0x00007ffad0cc0000 - 0x00007ffad0cf1000 	C:\WINDOWS\SYSTEM32\dbgcore.DLL
0x00007ffae6a40000 - 0x00007ffae6abf000 	C:\WINDOWS\System32\bcryptPrimitives.dll
0x00007ffadd320000 - 0x00007ffadd348000 	C:\Program Files\Java\jdk-11.0.13\bin\java.dll
0x00007ffae2450000 - 0x00007ffae245a000 	C:\Program Files\Java\jdk-11.0.13\bin\jimage.dll
0x00007ffadd300000 - 0x00007ffadd316000 	C:\Program Files\Java\jdk-11.0.13\bin\zip.dll

dbghelp: loaded successfully - version: 4.0.5 - missing functions: none
symbol engine: initialized successfully - sym options: 0x614 - pdb path: .;C:\Program Files\Java\jdk-11.0.13\bin;C:\WINDOWS\SYSTEM32;C:\WINDOWS\WinSxS\amd64_microsoft.windows.common-controls_6595b64144ccf1df_6.0.22000.120_none_9d947278b86cc467;C:\Program Files\Java\jdk-11.0.13\bin\server

VM Arguments:
jvm_args: -Dfile.encoding=UTF-8 
java_command: com.cts.emsboot.controller.Cat
java_class_path (initial): I:\EclipseWSJune2022\emsboot\target\classes;I:\Mavenrepository\org\springframework\boot\spring-boot-starter-data-jpa\2.6.7\spring-boot-starter-data-jpa-2.6.7.jar;I:\Mavenrepository\org\springframework\boot\spring-boot-starter-aop\2.6.7\spring-boot-starter-aop-2.6.7.jar;I:\Mavenrepository\org\springframework\spring-aop\5.3.19\spring-aop-5.3.19.jar;I:\Mavenrepository\org\aspectj\aspectjweaver\1.9.7\aspectjweaver-1.9.7.jar;I:\Mavenrepository\org\springframework\boot\spring-boot-starter-jdbc\2.6.7\spring-boot-starter-jdbc-2.6.7.jar;I:\Mavenrepository\com\zaxxer\HikariCP\4.0.3\HikariCP-4.0.3.jar;I:\Mavenrepository\org\springframework\spring-jdbc\5.3.19\spring-jdbc-5.3.19.jar;I:\Mavenrepository\jakarta\transaction\jakarta.transaction-api\1.3.3\jakarta.transaction-api-1.3.3.jar;I:\Mavenrepository\jakarta\persistence\jakarta.persistence-api\2.2.3\jakarta.persistence-api-2.2.3.jar;I:\Mavenrepository\org\hibernate\hibernate-core\5.6.8.Final\hibernate-core-5.6.8.Final.jar;I:\Mavenrepository\org\jboss\logging\jboss-logging\3.4.3.Final\jboss-logging-3.4.3.Final.jar;I:\Mavenrepository\net\bytebuddy\byte-buddy\1.11.22\byte-buddy-1.11.22.jar;I:\Mavenrepository\antlr\antlr\2.7.7\antlr-2.7.7.jar;I:\Mavenrepository\org\jboss\jandex\2.4.2.Final\jandex-2.4.2.Final.jar;I:\Mavenrepository\com\fasterxml\classmate\1.5.1\classmate-1.5.1.jar;I:\Mavenrepository\org\hibernate\common\hibernate-commons-annotations\5.1.2.Final\hibernate-commons-annotations-5.1.2.Final.jar;I:\Mavenrepository\org\glassfish\jaxb\jaxb-runtime\2.3.6\jaxb-runtime-2.3.6.jar;I:\Mavenrepository\org\glassfish\jaxb\txw2\2.3.6\txw2-2.3.6.jar;I:\Mavenrepository\com\sun\istack\istack-commons-runtime\3.0.12\istack-commons-runtime-3.0.12.jar;I:\Mavenrepository\com\sun\activation\jakarta.activation\1.2.2\jakarta.activation-1.2.2.jar;I:\Mavenrepository\org\springframework\data\spring-data-jpa\2.6.4\spring-data-jpa-2.6.4.jar;I:\Mavenrepository\org\springframework\data\spring-data-commons\2.6.4\spring-dat
Launcher Type: SUN_STANDARD

[Global flags]
     intx CICompilerCount                          = 4                                         {product} {ergonomic}
     uint ConcGCThreads                            = 3                                         {product} {ergonomic}
     uint G1ConcRefinementThreads                  = 10                                        {product} {ergonomic}
   size_t G1HeapRegionSize                         = 1048576                                   {product} {ergonomic}
    uintx GCDrainStackTargetSize                   = 64                                        {product} {ergonomic}
   size_t InitialHeapSize                          = 266338304                                 {product} {ergonomic}
   size_t MarkStackSize                            = 4194304                                   {product} {ergonomic}
   size_t MaxHeapSize                              = 4234149888                                {product} {ergonomic}
   size_t MinHeapDeltaBytes                        = 1048576                                   {product} {ergonomic}
    uintx NonNMethodCodeHeapSize                   = 5836300                                {pd product} {ergonomic}
    uintx NonProfiledCodeHeapSize                  = 122910970                              {pd product} {ergonomic}
    uintx ProfiledCodeHeapSize                     = 122910970                              {pd product} {ergonomic}
    uintx ReservedCodeCacheSize                    = 251658240                              {pd product} {ergonomic}
     bool SegmentedCodeCache                       = true                                      {product} {ergonomic}
     bool UseCompressedClassPointers               = true                                 {lp64_product} {ergonomic}
     bool UseCompressedOops                        = true                                 {lp64_product} {ergonomic}
     bool UseG1GC                                  = true                                      {product} {ergonomic}
     bool UseLargePagesIndividualAllocation        = false                                  {pd product} {ergonomic}

Logging:
Log output configuration:
 #0: stdout all=warning uptime,level,tags
 #1: stderr all=off uptime,level,tags

Environment Variables:
JAVA_HOME=C:\Program Files\Java\jdk-11.0.13
PATH=C:\Program Files\Common Files\Oracle\Java\javapath;C:\oraclexe\app\oracle\product\11.2.0\server\bin;C:\Program Files\Java\jdk1.8.0_201\bin;F:\dboracle\dbhomeXE\bin;g:\oracg\app\winorauser\product\12.2.0\dbhome_1\bin;C:\WINDOWS\system32;C:\WINDOWS;C:\WINDOWS\System32\Wbem;C:\WINDOWS\System32\WindowsPowerShell\v1.0\;C:\Program Files (x86)\ATI Technologies\ATI.ACE\Core-Static;%M2_HOME%;C:\Program Files (x86)\Intel\OpenCL SDK\2.0\bin\x86;C:\Program Files (x86)\Intel\OpenCL SDK\2.0\bin\x64;C:\Program Files (x86)\MySQL\MySQL Server 5.5\bin;C:\WINDOWS\System32\WindowsPowerShell\v1.0\;C:\Program Files (x86)\Windows Kits\8.1\Windows Performance Toolkit\;C:\Users\Panta\curl;G:\cur\;C:\Program Files\Java\jdk1.8.0_172\;C:\Program Files\Liquid Technologies\Liquid Studio 2018\XmlDataBinder16\Redist16\cpp\win32\bin;C:\Program Files\Liquid Technologies\Liquid Studio 2018\XmlDataBinder16\Redist16\cpp\win64\bin;G:\apache-maven-3.6.2\bin;C:\WINDOWS\System32\OpenSSH\;C:\Program Files\nodejs\;C:\Program Files\MongoDB\Server\5.0\bin;C:\Program Files\PuTTY\;C:\Program Files\Amazon\AWSCLIV2\;C:\Program Files\Docker\Docker\resources\bin;C:\ProgramData\DockerDesktop\version-bin;C:\Users\Panta\AppData\Local\Programs\Python\Python38-32\Scripts\;C:\Program Files\Java\jdk-11.0.13\bin;C:\Users\Panta\AppData\Local\Programs\Python\Python38-32\;C:\Program Files\Java\jdk1.8.0_201\bin;C:\Users\Panta\AppData\Local\Microsoft\WindowsApps;C:\Users\Panta\AppData\Roaming\npm;I:\Panta\Microsoft VS Code\bin;
USERNAME=Panta
OS=Windows_NT
PROCESSOR_IDENTIFIER=Intel64 Family 6 Model 167 Stepping 1, GenuineIntel



---------------  S Y S T E M  ---------------

OS: Windows 10 , 64 bit Build 22000 (10.0.22000.708)
Hyper-V role detected

CPU:total 12 (initial active 12) (6 cores per cpu, 2 threads per core) family 6 model 167 stepping 1 microcode 0x50, cmov, cx8, fxsr, mmx, sse, sse2, sse3, ssse3, sse4.1, sse4.2, popcnt, avx, avx2, aes, clmul, erms, 3dnowpref, lzcnt, ht, tsc, tscinvbit, bmi1, bmi2, adx, evex, sha, fma

Memory: 4k page, system-wide physical 16149M (1059M free)
TotalPageFile size 28149M (AvailPageFile size 1M)
current process WorkingSet (physical memory assigned to process): 10M, peak: 10M
current process commit charge ("private bytes"): 322M, peak: 322M

vm_info: Java HotSpot(TM) 64-Bit Server VM (11.0.13+10-LTS-370) for windows-amd64 JRE (11.0.13+10-LTS-370), built on Sep 15 2021 22:10:36 by "mach5one" with MS VC++ 15.9 (VS2017)

END.
